#
# A fatal error has been detected by the Java Runtime Environment:
#
#  SIGSEGV (0xb) at pc=0x000000010c6461b0, pid=13843, tid=19203
#
# JRE version: Java(TM) SE Runtime Environment (8.0_66-b17) (build 1.8.0_66-b17)
# Java VM: Java HotSpot(TM) 64-Bit Server VM (25.66-b17 mixed mode bsd-amd64 compressed oops)
# Problematic frame:
# V  [libjvm.dylib+0x4461b0]
#
# Failed to write core dump. Core dumps have been disabled. To enable core dumping, try "ulimit -c unlimited" before starting Java again
#
# If you would like to submit a bug report, please visit:
#   http://bugreport.java.com/bugreport/crash.jsp
#

---------------  T H R E A D  ---------------

Current thread (0x00007f836b821000):  JavaThread "JDWP Transport Listener: dt_socket" daemon [_thread_in_vm, id=19203, stack(0x0000700000f47000,0x0000700001047000)]

siginfo: si_signo: 11 (SIGSEGV), si_code: 0 (unknown), si_addr: 0x0000000000000000

Registers:
RAX=0x0000000000000001, RBX=0x0000700001046a8b, RCX=0x000000010ca14310, RDX=0x0000700001046a8b
RSP=0x00007000010469d0, RBP=0x00007000010469e0, RSI=0x00007f836b821000, RDI=0xb0000000003b7200
R8 =0x0000000000000001, R9 =0x0000000000000000, R10=0x0000000000000002, R11=0x00007f8369f00000
R12=0x00007f836b821000, R13=0xb0000000003b7200, R14=0xb0000000003b7200, R15=0x00007f8369d010a0
RIP=0x000000010c6461b0, EFLAGS=0x0000000000010286, ERR=0x0000000000000000
  TRAPNO=0x000000000000000d

Top of Stack: (sp=0x00007000010469d0)
0x00007000010469d0:   0000700001046a8b 0000700001046a8b
0x00007000010469e0:   0000700001046a40 000000010c5552be
0x00007000010469f0:   00007f836b821000 0000000000000000
0x0000700001046a00:   0000000000000000 0000000000000000
0x0000700001046a10:   00007f836b821000 00007f836b821000
0x0000700001046a20:   0000700001046a8b 0000700001046a90
0x0000700001046a30:   b0000000003b7200 0000000000000005
0x0000700001046a40:   0000700001046a60 000000010b11b780
0x0000700001046a50:   0000000000000001 0000700001046b08
0x0000700001046a60:   0000700001046ad0 000000010b1001f3
0x0000700001046a70:   0000700001046aa0 00007f8369f48120
0x0000700001046a80:   0000001a00000032 0000000100046b08
0x0000700001046a90:   0000000000000000 0000000000000000
0x0000700001046aa0:   0000000000000000 0000700001046c90
0x0000700001046ab0:   000000010b122e7a 00007f8369d15040
0x0000700001046ac0:   0000700001046b08 000000010b12e598
0x0000700001046ad0:   0000700001046ae0 000000010b1002ec
0x0000700001046ae0:   0000700001046d00 000000010b109898
0x0000700001046af0:   000041c900000013 00000000000f0200
0x0000700001046b00:   00007f8369d16c80 0000700001046c21
0x0000700001046b10:   00007f8300000063 0000700001046b20
0x0000700001046b20:   00000000000000c9 0000700001046b58
0x0000700001046b30:   0000000000000000 0000000000000000
0x0000700001046b40:   000041c90000000b 00007fff0000c380
0x0000700001046b50:   0000700001046b58 837f00001a000000
0x0000700001046b60:   08000000c0eec569 3e74696e696c633c
0x0000700001046b70:   0056292803000000 0008000000000000
0x0000700001046b80:   00c8edc569837f00 74696e693c060000
0x0000700001046b90:   562928030000003e 0100000000000000
0x0000700001046ba0:   c8eec569837f0000 7574657305000000
0x0000700001046bb0:   5629280300000070 0100000000000000
0x0000700001046bc0:   d0eec569837f0000 747365741b000000 

Instructions: (pc=0x000000010c6461b0)
0x000000010c646190:   40 48 48 85 c0 75 e0 30 c0 0f b6 c0 5d c3 31 c0
0x000000010c6461a0:   5d c3 55 48 89 e5 53 48 83 ec 08 48 85 ff 74 24
0x000000010c6461b0:   48 8b 1f 48 85 db 74 1c 48 83 fb 37 74 16 48 8b
0x000000010c6461c0:   03 48 89 df ff 50 10 84 c0 b8 00 00 00 00 48 0f 

Register to memory mapping:

RAX=0x0000000000000001 is an unknown value
RBX=0x0000700001046a8b is pointing into the stack for thread: 0x00007f836b821000
RCX=0x000000010ca14310: UseMembar+0 in /Library/Java/JavaVirtualMachines/jdk1.8.0_66.jdk/Contents/Home/jre/lib/server/libjvm.dylib at 0x000000010c200000
RDX=0x0000700001046a8b is pointing into the stack for thread: 0x00007f836b821000
RSP=0x00007000010469d0 is pointing into the stack for thread: 0x00007f836b821000
RBP=0x00007000010469e0 is pointing into the stack for thread: 0x00007f836b821000
RSI=0x00007f836b821000 is a thread
RDI=0xb0000000003b7200 is an unknown value
R8 =0x0000000000000001 is an unknown value
R9 =0x0000000000000000 is an unknown value
R10=0x0000000000000002 is an unknown value
R11=0x00007f8369f00000 is an unknown value
R12=0x00007f836b821000 is a thread
R13=0xb0000000003b7200 is an unknown value
R14=0xb0000000003b7200 is an unknown value
R15=0x00007f8369d010a0 is an unknown value


Stack: [0x0000700000f47000,0x0000700001047000],  sp=0x00007000010469d0,  free space=1022k
Native frames: (J=compiled Java code, j=interpreted, Vv=VM code, C=native code)
V  [libjvm.dylib+0x4461b0]
V  [libjvm.dylib+0x3552be]
C  [libjdwp.dylib+0x20780]  isMethodSynthetic+0x63
C  [libjdwp.dylib+0x51f3]  methods1+0x10b
C  [libjdwp.dylib+0x52ec]  methodsWithGeneric+0xe
C  [libjdwp.dylib+0xe898]  debugLoop_run+0x1ce
C  [libjdwp.dylib+0x1f6ba]  attachThread+0x4d
V  [libjvm.dylib+0x39661c]
V  [libjvm.dylib+0x560b83]
V  [libjvm.dylib+0x56227e]
V  [libjvm.dylib+0x482cd6]
C  [libsystem_pthread.dylib+0x3c13]  _pthread_body+0x83
C  [libsystem_pthread.dylib+0x3b90]  _pthread_body+0x0
C  [libsystem_pthread.dylib+0x1375]  thread_start+0xd
C  0x0000000000000000


---------------  P R O C E S S  ---------------

Java Threads: ( => current thread )
  0x00007f836a934000 JavaThread "RxComputationThreadPool-2" daemon [_thread_blocked, id=25347, stack(0x0000700001b6b000,0x0000700001c6b000)]
  0x00007f836a93a800 JavaThread "RxComputationThreadPool-1" daemon [_thread_blocked, id=24835, stack(0x0000700001a68000,0x0000700001b68000)]
  0x00007f836a1f7800 JavaThread "RxCachedWorkerPoolEvictor-1" daemon [_thread_blocked, id=24323, stack(0x0000700001965000,0x0000700001a65000)]
  0x00007f836a8b7000 JavaThread "ReaderThread" [_thread_in_native, id=23811, stack(0x0000700001862000,0x0000700001962000)]
  0x00007f836a84b000 JavaThread "Service Thread" daemon [_thread_blocked, id=22787, stack(0x000070000165c000,0x000070000175c000)]
  0x00007f836a838000 JavaThread "C1 CompilerThread3" daemon [_thread_blocked, id=22275, stack(0x0000700001559000,0x0000700001659000)]
  0x00007f836a837000 JavaThread "C2 CompilerThread2" daemon [_thread_blocked, id=21763, stack(0x0000700001456000,0x0000700001556000)]
  0x00007f836a827800 JavaThread "C2 CompilerThread1" daemon [_thread_blocked, id=21251, stack(0x0000700001353000,0x0000700001453000)]
  0x00007f836b820000 JavaThread "C2 CompilerThread0" daemon [_thread_blocked, id=20739, stack(0x0000700001250000,0x0000700001350000)]
  0x00007f836c04d000 JavaThread "JDWP Command Reader" daemon [_thread_in_native, id=20227, stack(0x000070000114d000,0x000070000124d000)]
  0x00007f836c034800 JavaThread "JDWP Event Helper Thread" daemon [_thread_blocked, id=19715, stack(0x000070000104a000,0x000070000114a000)]
=>0x00007f836b821000 JavaThread "JDWP Transport Listener: dt_socket" daemon [_thread_in_vm, id=19203, stack(0x0000700000f47000,0x0000700001047000)]
  0x00007f836a031800 JavaThread "Signal Dispatcher" daemon [_thread_blocked, id=14863, stack(0x0000700000e44000,0x0000700000f44000)]
  0x00007f836c02f000 JavaThread "Finalizer" daemon [_thread_blocked, id=14339, stack(0x0000700000c3b000,0x0000700000d3b000)]
  0x00007f836c02e800 JavaThread "Reference Handler" daemon [_thread_blocked, id=13827, stack(0x0000700000b38000,0x0000700000c38000)]
  0x00007f836c001800 JavaThread "main" [_thread_blocked, id=5891, stack(0x000070000011a000,0x000070000021a000)]

Other Threads:
  0x00007f836a030000 VMThread [stack: 0x0000700000a35000,0x0000700000b35000] [id=13315]
  0x00007f836b00b800 WatcherThread [stack: 0x000070000175f000,0x000070000185f000] [id=23299]

VM state:not at safepoint (normal execution)

VM Mutex/Monitor currently owned by a thread: None

Heap:
 PSYoungGen      total 76288K, used 28904K [0x000000076ab00000, 0x0000000770000000, 0x00000007c0000000)
  eden space 65536K, 44% used [0x000000076ab00000,0x000000076c73a278,0x000000076eb00000)
  from space 10752K, 0% used [0x000000076f580000,0x000000076f580000,0x0000000770000000)
  to   space 10752K, 0% used [0x000000076eb00000,0x000000076eb00000,0x000000076f580000)
 ParOldGen       total 175104K, used 0K [0x00000006c0000000, 0x00000006cab00000, 0x000000076ab00000)
  object space 175104K, 0% used [0x00000006c0000000,0x00000006c0000000,0x00000006cab00000)
 Metaspace       used 6999K, capacity 7162K, committed 7296K, reserved 1056768K
  class space    used 814K, capacity 895K, committed 896K, reserved 1048576K

Card table byte_map: [0x000000011c546000,0x000000011cd47000] byte_map_base: 0x0000000118f46000

Marking Bits: (ParMarkBitMap*) 0x000000010cadde20
 Begin Bits: [0x000000011d29d000, 0x000000012129d000)
 End Bits:   [0x000000012129d000, 0x000000012529d000)

Polling page: 0x000000010b0fa000

CodeCache: size=245760Kb used=2777Kb max_used=2790Kb free=242982Kb
 bounds [0x000000010d186000, 0x000000010d446000, 0x000000011c186000]
 total_blobs=943 nmethods=647 adapters=218
 compilation: enabled

Compilation events (10 events):
Event: 0.441 Thread 0x00007f836a838000 nmethod 643 0x000000010d43af90 code [0x000000010d43b300, 0x000000010d43d2b8]
Event: 0.443 Thread 0x00007f836a838000  644       1       rx.internal.operators.OperatorDoOnEach::access$000 (5 bytes)
Event: 0.443 Thread 0x00007f836a838000 nmethod 644 0x000000010d439e90 code [0x000000010d439fe0, 0x000000010d43a0d0]
Event: 0.443 Thread 0x00007f836a838000  645       1       rx.Notification::getValue (5 bytes)
Event: 0.443 Thread 0x00007f836a838000 nmethod 645 0x000000010d439bd0 code [0x000000010d439d20, 0x000000010d439e30]
Event: 0.443 Thread 0x00007f836a838000  646       1       com.fasterxml.aalto.util.TextBuilder::getBufferWithoutReset (5 bytes)
Event: 0.443 Thread 0x00007f836a838000 nmethod 646 0x000000010d439910 code [0x000000010d439a60, 0x000000010d439b70]
Event: 0.443 Thread 0x00007f836a838000  647       1       com.fasterxml.aalto.util.TextBuilder::getCurrentLength (5 bytes)
Event: 0.443 Thread 0x00007f836a838000 nmethod 647 0x000000010d439650 code [0x000000010d4397a0, 0x000000010d4398b0]
Event: 0.445 Thread 0x00007f836b820000 nmethod 642 0x000000010d440010 code [0x000000010d4401a0, 0x000000010d440898]

GC Heap History (0 events):
No events

Deoptimization events (2 events):
Event: 0.207 Thread 0x00007f836c001800 Uncommon trap: reason=unstable_if action=reinterpret pc=0x000000010d2f6a1c method=java.lang.String.indexOf([CII[CIII)I @ 123
Event: 0.207 Thread 0x00007f836c001800 Uncommon trap: reason=unstable_if action=reinterpret pc=0x000000010d2de130 method=java.lang.String.indexOf([CII[CIII)I @ 123

Internal exceptions (8 events):
Event: 0.036 Thread 0x00007f836c001800 Exception <a 'java/lang/NoSuchMethodError': Method sun.misc.Unsafe.defineClass(Ljava/lang/String;[BII)Ljava/lang/Class; name or signature does not match> (0x000000076ab12f10) thrown at [/HUDSON3/workspace/8-2-build-macosx-x86_64/jdk8u66/4988/hotspot/src/s
Event: 0.036 Thread 0x00007f836c001800 Exception <a 'java/lang/NoSuchMethodError': Method sun.misc.Unsafe.prefetchRead(Ljava/lang/Object;J)V name or signature does not match> (0x000000076ab131f8) thrown at [/HUDSON3/workspace/8-2-build-macosx-x86_64/jdk8u66/4988/hotspot/src/share/vm/prims/jni.
Event: 0.209 Thread 0x00007f836c001800 Exception <a 'java/security/PrivilegedActionException'> (0x000000076b48fff8) thrown at [/HUDSON3/workspace/8-2-build-macosx-x86_64/jdk8u66/4988/hotspot/src/share/vm/prims/jvm.cpp, line 1386]
Event: 0.209 Thread 0x00007f836c001800 Exception <a 'java/security/PrivilegedActionException'> (0x000000076b4903f0) thrown at [/HUDSON3/workspace/8-2-build-macosx-x86_64/jdk8u66/4988/hotspot/src/share/vm/prims/jvm.cpp, line 1386]
Event: 0.209 Thread 0x00007f836c001800 Exception <a 'java/security/PrivilegedActionException'> (0x000000076b493a60) thrown at [/HUDSON3/workspace/8-2-build-macosx-x86_64/jdk8u66/4988/hotspot/src/share/vm/prims/jvm.cpp, line 1386]
Event: 0.209 Thread 0x00007f836c001800 Exception <a 'java/security/PrivilegedActionException'> (0x000000076b493e58) thrown at [/HUDSON3/workspace/8-2-build-macosx-x86_64/jdk8u66/4988/hotspot/src/share/vm/prims/jvm.cpp, line 1386]
Event: 0.303 Thread 0x00007f836c001800 Exception <a 'java/lang/NoSuchFieldError': method resolution failed> (0x000000076b8f0fe0) thrown at [/HUDSON3/workspace/8-2-build-macosx-x86_64/jdk8u66/4988/hotspot/src/share/vm/prims/methodHandles.cpp, line 1146]
Event: 0.307 Thread 0x00007f836c001800 Exception <a 'java/lang/NoSuchFieldError': method resolution failed> (0x000000076b8fe6d0) thrown at [/HUDSON3/workspace/8-2-build-macosx-x86_64/jdk8u66/4988/hotspot/src/share/vm/prims/methodHandles.cpp, line 1146]

Events (10 events):
Event: 74.023 Executing VM operation: RedefineClasses
Event: 74.026 Executing VM operation: RedefineClasses done
Event: 74.027 Executing VM operation: EnterInterpOnlyMode
Event: 74.027 Executing VM operation: EnterInterpOnlyMode done
Event: 74.027 Executing VM operation: GetCurrentLocation
Event: 74.027 Executing VM operation: GetCurrentLocation done
Event: 74.027 Executing VM operation: ChangeSingleStep
Event: 74.027 Executing VM operation: ChangeSingleStep done
Event: 74.027 Executing VM operation: ChangeSingleStep
Event: 74.027 Executing VM operation: ChangeSingleStep done


Dynamic libraries:
0x000000000095b000 	/System/Library/Frameworks/Cocoa.framework/Versions/A/Cocoa
0x000000000095b000 	/System/Library/Frameworks/Security.framework/Versions/A/Security
0x000000000095b000 	/System/Library/Frameworks/ApplicationServices.framework/Versions/A/ApplicationServices
0x000000000095b000 	/usr/lib/libz.1.dylib
0x000000000095b000 	/usr/lib/libSystem.B.dylib
0x000000000095b000 	/usr/lib/libobjc.A.dylib
0x000000000095b000 	/System/Library/Frameworks/CoreFoundation.framework/Versions/A/CoreFoundation
0x000000000095b000 	/System/Library/Frameworks/Foundation.framework/Versions/C/Foundation
0x000000000095b000 	/System/Library/Frameworks/AppKit.framework/Versions/C/AppKit
0x000000000095b000 	/System/Library/Frameworks/CoreData.framework/Versions/A/CoreData
0x000000000095b000 	/System/Library/PrivateFrameworks/RemoteViewServices.framework/Versions/A/RemoteViewServices
0x000000000095b000 	/System/Library/PrivateFrameworks/UIFoundation.framework/Versions/A/UIFoundation
0x000000000095b000 	/usr/lib/libScreenReader.dylib
0x000000000095b000 	/System/Library/Frameworks/Accelerate.framework/Versions/A/Accelerate
0x000000000095b000 	/System/Library/Frameworks/IOSurface.framework/Versions/A/IOSurface
0x000000000095b000 	/System/Library/Frameworks/AudioToolbox.framework/Versions/A/AudioToolbox
0x000000000095b000 	/System/Library/Frameworks/AudioUnit.framework/Versions/A/AudioUnit
0x000000000095b000 	/System/Library/PrivateFrameworks/DataDetectorsCore.framework/Versions/A/DataDetectorsCore
0x000000000095b000 	/System/Library/PrivateFrameworks/DesktopServicesPriv.framework/Versions/A/DesktopServicesPriv
0x000000000095b000 	/System/Library/Frameworks/Carbon.framework/Versions/A/Frameworks/HIToolbox.framework/Versions/A/HIToolbox
0x000000000095b000 	/System/Library/Frameworks/QuartzCore.framework/Versions/A/QuartzCore
0x000000000095b000 	/System/Library/Frameworks/Carbon.framework/Versions/A/Frameworks/SpeechRecognition.framework/Versions/A/SpeechRecognition
0x000000000095b000 	/usr/lib/libauto.dylib
0x000000000095b000 	/usr/lib/libicucore.A.dylib
0x000000000095b000 	/usr/lib/libxml2.2.dylib
0x000000000095b000 	/System/Library/PrivateFrameworks/CoreUI.framework/Versions/A/CoreUI
0x000000000095b000 	/System/Library/Frameworks/CoreAudio.framework/Versions/A/CoreAudio
0x000000000095b000 	/System/Library/Frameworks/DiskArbitration.framework/Versions/A/DiskArbitration
0x000000000095b000 	/usr/lib/liblangid.dylib
0x000000000095b000 	/System/Library/PrivateFrameworks/MultitouchSupport.framework/Versions/A/MultitouchSupport
0x000000000095b000 	/System/Library/Frameworks/IOKit.framework/Versions/A/IOKit
0x000000000095b000 	/usr/lib/libDiagnosticMessagesClient.dylib
0x000000000095b000 	/System/Library/Frameworks/CoreServices.framework/Versions/A/CoreServices
0x000000000095b000 	/System/Library/PrivateFrameworks/PerformanceAnalysis.framework/Versions/A/PerformanceAnalysis
0x000000000095b000 	/System/Library/PrivateFrameworks/GenerationalStorage.framework/Versions/A/GenerationalStorage
0x000000000095b000 	/System/Library/Frameworks/OpenGL.framework/Versions/A/OpenGL
0x000000000095b000 	/System/Library/PrivateFrameworks/Sharing.framework/Versions/A/Sharing
0x000000000095b000 	/System/Library/Frameworks/CoreGraphics.framework/Versions/A/CoreGraphics
0x000000000095b000 	/System/Library/Frameworks/CoreImage.framework/Versions/A/CoreImage
0x000000000095b000 	/System/Library/Frameworks/CoreText.framework/Versions/A/CoreText
0x000000000095b000 	/System/Library/Frameworks/ImageIO.framework/Versions/A/ImageIO
0x000000000095b000 	/System/Library/PrivateFrameworks/Backup.framework/Versions/A/Backup
0x000000000095b000 	/usr/lib/libextension.dylib
0x000000000095b000 	/usr/lib/libarchive.2.dylib
0x000000000095b000 	/System/Library/Frameworks/CFNetwork.framework/Versions/A/CFNetwork
0x000000000095b000 	/System/Library/Frameworks/SystemConfiguration.framework/Versions/A/SystemConfiguration
0x000000000095b000 	/usr/lib/libCRFSuite.dylib
0x000000000095b000 	/usr/lib/libc++.1.dylib
0x000000000095b000 	/usr/lib/libc++abi.dylib
0x000000000095b000 	/usr/lib/system/libcache.dylib
0x000000000095b000 	/usr/lib/system/libcommonCrypto.dylib
0x000000000095b000 	/usr/lib/system/libcompiler_rt.dylib
0x000000000095b000 	/usr/lib/system/libcopyfile.dylib
0x000000000095b000 	/usr/lib/system/libcorecrypto.dylib
0x000000000095b000 	/usr/lib/system/libdispatch.dylib
0x000000000095b000 	/usr/lib/system/libdyld.dylib
0x000000000095b000 	/usr/lib/system/libkeymgr.dylib
0x000000000095b000 	/usr/lib/system/liblaunch.dylib
0x000000000095b000 	/usr/lib/system/libmacho.dylib
0x000000000095b000 	/usr/lib/system/libquarantine.dylib
0x000000000095b000 	/usr/lib/system/libremovefile.dylib
0x000000000095b000 	/usr/lib/system/libsystem_asl.dylib
0x000000000095b000 	/usr/lib/system/libsystem_blocks.dylib
0x000000000095b000 	/usr/lib/system/libsystem_c.dylib
0x000000000095b000 	/usr/lib/system/libsystem_configuration.dylib
0x000000000095b000 	/usr/lib/system/libsystem_coreservices.dylib
0x000000000095b000 	/usr/lib/system/libsystem_coretls.dylib
0x000000000095b000 	/usr/lib/system/libsystem_dnssd.dylib
0x000000000095b000 	/usr/lib/system/libsystem_info.dylib
0x000000000095b000 	/usr/lib/system/libsystem_kernel.dylib
0x000000000095b000 	/usr/lib/system/libsystem_m.dylib
0x000000000095b000 	/usr/lib/system/libsystem_malloc.dylib
0x000000000095b000 	/usr/lib/system/libsystem_network.dylib
0x000000000095b000 	/usr/lib/system/libsystem_networkextension.dylib
0x000000000095b000 	/usr/lib/system/libsystem_notify.dylib
0x000000000095b000 	/usr/lib/system/libsystem_platform.dylib
0x000000000095b000 	/usr/lib/system/libsystem_pthread.dylib
0x000000000095b000 	/usr/lib/system/libsystem_sandbox.dylib
0x000000000095b000 	/usr/lib/system/libsystem_secinit.dylib
0x000000000095b000 	/usr/lib/system/libsystem_trace.dylib
0x000000000095b000 	/usr/lib/system/libunc.dylib
0x000000000095b000 	/usr/lib/system/libunwind.dylib
0x000000000095b000 	/usr/lib/system/libxpc.dylib
0x000000000095b000 	/usr/lib/libenergytrace.dylib
0x000000000095b000 	/usr/lib/libbsm.0.dylib
0x000000000095b000 	/usr/lib/system/libkxld.dylib
0x000000000095b000 	/usr/lib/libxar.1.dylib
0x000000000095b000 	/usr/lib/libsqlite3.dylib
0x000000000095b000 	/usr/lib/libpam.2.dylib
0x000000000095b000 	/usr/lib/libOpenScriptingUtil.dylib
0x000000000095b000 	/usr/lib/libbz2.1.0.dylib
0x000000000095b000 	/usr/lib/liblzma.5.dylib
0x000000000095b000 	/System/Library/Frameworks/CoreServices.framework/Versions/A/Frameworks/FSEvents.framework/Versions/A/FSEvents
0x000000000095b000 	/System/Library/Frameworks/CoreServices.framework/Versions/A/Frameworks/CarbonCore.framework/Versions/A/CarbonCore
0x000000000095b000 	/System/Library/Frameworks/CoreServices.framework/Versions/A/Frameworks/Metadata.framework/Versions/A/Metadata
0x000000000095b000 	/System/Library/Frameworks/CoreServices.framework/Versions/A/Frameworks/OSServices.framework/Versions/A/OSServices
0x000000000095b000 	/System/Library/Frameworks/CoreServices.framework/Versions/A/Frameworks/SearchKit.framework/Versions/A/SearchKit
0x000000000095b000 	/System/Library/Frameworks/CoreServices.framework/Versions/A/Frameworks/AE.framework/Versions/A/AE
0x000000000095b000 	/System/Library/Frameworks/CoreServices.framework/Versions/A/Frameworks/LaunchServices.framework/Versions/A/LaunchServices
0x000000000095b000 	/System/Library/Frameworks/CoreServices.framework/Versions/A/Frameworks/DictionaryServices.framework/Versions/A/DictionaryServices
0x000000000095b000 	/System/Library/Frameworks/CoreServices.framework/Versions/A/Frameworks/SharedFileList.framework/Versions/A/SharedFileList
0x000000000095b000 	/System/Library/Frameworks/NetFS.framework/Versions/A/NetFS
0x000000000095b000 	/System/Library/PrivateFrameworks/NetAuth.framework/Versions/A/NetAuth
0x000000000095b000 	/System/Library/PrivateFrameworks/login.framework/Versions/A/Frameworks/loginsupport.framework/Versions/A/loginsupport
0x000000000095b000 	/System/Library/PrivateFrameworks/TCC.framework/Versions/A/TCC
0x000000000095b000 	/usr/lib/libmecabra.dylib
0x000000000095b000 	/System/Library/Frameworks/ApplicationServices.framework/Versions/A/Frameworks/ATS.framework/Versions/A/ATS
0x000000000095b000 	/System/Library/Frameworks/ApplicationServices.framework/Versions/A/Frameworks/ColorSync.framework/Versions/A/ColorSync
0x000000000095b000 	/System/Library/Frameworks/ApplicationServices.framework/Versions/A/Frameworks/HIServices.framework/Versions/A/HIServices
0x000000000095b000 	/System/Library/Frameworks/ApplicationServices.framework/Versions/A/Frameworks/LangAnalysis.framework/Versions/A/LangAnalysis
0x000000000095b000 	/System/Library/Frameworks/ApplicationServices.framework/Versions/A/Frameworks/PrintCore.framework/Versions/A/PrintCore
0x000000000095b000 	/System/Library/Frameworks/ApplicationServices.framework/Versions/A/Frameworks/QD.framework/Versions/A/QD
0x000000000095b000 	/System/Library/Frameworks/ApplicationServices.framework/Versions/A/Frameworks/SpeechSynthesis.framework/Versions/A/SpeechSynthesis
0x000000000095b000 	/System/Library/Frameworks/Metal.framework/Versions/A/Metal
0x000000000095b000 	/System/Library/Frameworks/Accelerate.framework/Versions/A/Frameworks/vImage.framework/Versions/A/vImage
0x000000000095b000 	/System/Library/Frameworks/Accelerate.framework/Versions/A/Frameworks/vecLib.framework/Versions/A/vecLib
0x000000000095b000 	/System/Library/Frameworks/Accelerate.framework/Versions/A/Frameworks/vecLib.framework/Versions/A/libvDSP.dylib
0x000000000095b000 	/System/Library/Frameworks/Accelerate.framework/Versions/A/Frameworks/vecLib.framework/Versions/A/libvMisc.dylib
0x000000000095b000 	/System/Library/Frameworks/Accelerate.framework/Versions/A/Frameworks/vecLib.framework/Versions/A/libLAPACK.dylib
0x000000000095b000 	/System/Library/Frameworks/Accelerate.framework/Versions/A/Frameworks/vecLib.framework/Versions/A/libBLAS.dylib
0x000000000095b000 	/System/Library/Frameworks/Accelerate.framework/Versions/A/Frameworks/vecLib.framework/Versions/A/libLinearAlgebra.dylib
0x000000000095b000 	/System/Library/Frameworks/Accelerate.framework/Versions/A/Frameworks/vecLib.framework/Versions/A/libSparseBLAS.dylib
0x000000000095b000 	/System/Library/PrivateFrameworks/GPUCompiler.framework/libmetal_timestamp.dylib
0x000000000095b000 	/System/Library/Frameworks/OpenGL.framework/Versions/A/Libraries/libCoreFSCache.dylib
0x000000000095b000 	/System/Library/PrivateFrameworks/IOAccelerator.framework/Versions/A/IOAccelerator
0x000000000095b000 	/System/Library/Frameworks/ApplicationServices.framework/Versions/A/Frameworks/ATS.framework/Versions/A/Resources/libFontParser.dylib
0x000000000095b000 	/System/Library/Frameworks/ApplicationServices.framework/Versions/A/Frameworks/ATS.framework/Versions/A/Resources/libFontRegistry.dylib
0x000000000095b000 	/System/Library/PrivateFrameworks/AppleVPA.framework/Versions/A/AppleVPA
0x000000000095b000 	/System/Library/PrivateFrameworks/AppleJPEG.framework/Versions/A/AppleJPEG
0x000000000095b000 	/System/Library/Frameworks/ImageIO.framework/Versions/A/Resources/libJPEG.dylib
0x000000000095b000 	/System/Library/Frameworks/ImageIO.framework/Versions/A/Resources/libTIFF.dylib
0x000000000095b000 	/System/Library/Frameworks/ImageIO.framework/Versions/A/Resources/libPng.dylib
0x000000000095b000 	/System/Library/Frameworks/ImageIO.framework/Versions/A/Resources/libGIF.dylib
0x000000000095b000 	/System/Library/Frameworks/ImageIO.framework/Versions/A/Resources/libJP2.dylib
0x000000000095b000 	/System/Library/Frameworks/ImageIO.framework/Versions/A/Resources/libRadiance.dylib
0x000000000095b000 	/System/Library/Frameworks/CoreVideo.framework/Versions/A/CoreVideo
0x000000000095b000 	/System/Library/Frameworks/OpenGL.framework/Versions/A/Libraries/libGLU.dylib
0x000000000095b000 	/System/Library/Frameworks/OpenGL.framework/Versions/A/Libraries/libGFXShared.dylib
0x000000000095b000 	/System/Library/Frameworks/OpenGL.framework/Versions/A/Libraries/libGL.dylib
0x000000000095b000 	/System/Library/Frameworks/OpenGL.framework/Versions/A/Libraries/libGLImage.dylib
0x000000000095b000 	/System/Library/Frameworks/OpenGL.framework/Versions/A/Libraries/libCVMSPluginSupport.dylib
0x000000000095b000 	/System/Library/Frameworks/OpenGL.framework/Versions/A/Libraries/libCoreVMClient.dylib
0x000000000095b000 	/usr/lib/libcups.2.dylib
0x000000000095b000 	/System/Library/Frameworks/Kerberos.framework/Versions/A/Kerberos
0x000000000095b000 	/System/Library/Frameworks/GSS.framework/Versions/A/GSS
0x000000000095b000 	/usr/lib/libresolv.9.dylib
0x000000000095b000 	/usr/lib/libiconv.2.dylib
0x000000000095b000 	/System/Library/PrivateFrameworks/Heimdal.framework/Versions/A/Heimdal
0x000000000095b000 	/usr/lib/libheimdal-asn1.dylib
0x000000000095b000 	/System/Library/Frameworks/OpenDirectory.framework/Versions/A/OpenDirectory
0x000000000095b000 	/System/Library/PrivateFrameworks/CommonAuth.framework/Versions/A/CommonAuth
0x000000000095b000 	/System/Library/Frameworks/OpenDirectory.framework/Versions/A/Frameworks/CFOpenDirectory.framework/Versions/A/CFOpenDirectory
0x000000000095b000 	/System/Library/Frameworks/SecurityFoundation.framework/Versions/A/SecurityFoundation
0x000000000095b000 	/System/Library/PrivateFrameworks/LanguageModeling.framework/Versions/A/LanguageModeling
0x000000000095b000 	/usr/lib/libmarisa.dylib
0x000000000095b000 	/usr/lib/libChineseTokenizer.dylib
0x000000000095b000 	/usr/lib/libcmph.dylib
0x000000000095b000 	/usr/lib/libcompression.dylib
0x000000000095b000 	/System/Library/Frameworks/ServiceManagement.framework/Versions/A/ServiceManagement
0x000000000095b000 	/usr/lib/libxslt.1.dylib
0x000000000095b000 	/System/Library/Frameworks/Carbon.framework/Versions/A/Frameworks/Ink.framework/Versions/A/Ink
0x000000000095b000 	/usr/lib/libFosl_dynamic.dylib
0x000000000095b000 	/System/Library/PrivateFrameworks/FaceCore.framework/Versions/A/FaceCore
0x000000000095b000 	/System/Library/Frameworks/OpenCL.framework/Versions/A/OpenCL
0x000000000095b000 	/System/Library/PrivateFrameworks/CrashReporterSupport.framework/Versions/A/CrashReporterSupport
0x000000000095b000 	/System/Library/PrivateFrameworks/IconServices.framework/Versions/A/IconServices
0x000000000095b000 	/System/Library/PrivateFrameworks/Apple80211.framework/Versions/A/Apple80211
0x000000000095b000 	/System/Library/Frameworks/CoreWLAN.framework/Versions/A/CoreWLAN
0x000000000095b000 	/System/Library/Frameworks/IOBluetooth.framework/Versions/A/IOBluetooth
0x000000000095b000 	/System/Library/PrivateFrameworks/CoreWiFi.framework/Versions/A/CoreWiFi
0x000000000095b000 	/System/Library/Frameworks/CoreBluetooth.framework/Versions/A/CoreBluetooth
0x000000000095b000 	/System/Library/PrivateFrameworks/ChunkingLibrary.framework/Versions/A/ChunkingLibrary
0x000000000095b000 	/System/Library/PrivateFrameworks/DebugSymbols.framework/Versions/A/DebugSymbols
0x000000000095b000 	/System/Library/PrivateFrameworks/CoreSymbolication.framework/Versions/A/CoreSymbolication
0x000000000095b000 	/System/Library/PrivateFrameworks/Symbolication.framework/Versions/A/Symbolication
0x000000000095b000 	/System/Library/PrivateFrameworks/SpeechRecognitionCore.framework/Versions/A/SpeechRecognitionCore
0x000000010c200000 	/Library/Java/JavaVirtualMachines/jdk1.8.0_66.jdk/Contents/Home/jre/lib/server/libjvm.dylib
0x000000000095b000 	/usr/lib/libstdc++.6.dylib
0x000000010b0b7000 	/Library/Java/JavaVirtualMachines/jdk1.8.0_66.jdk/Contents/Home/jre/lib/libverify.dylib
0x000000010b0c5000 	/Library/Java/JavaVirtualMachines/jdk1.8.0_66.jdk/Contents/Home/jre/lib/libjava.dylib
0x000000010b0fb000 	/Library/Java/JavaVirtualMachines/jdk1.8.0_66.jdk/Contents/Home/jre/lib/libjdwp.dylib
0x000000010b146000 	/Library/Java/JavaVirtualMachines/jdk1.8.0_66.jdk/Contents/Home/jre/lib/libnpt.dylib
0x000000010b153000 	/Library/Java/JavaVirtualMachines/jdk1.8.0_66.jdk/Contents/Home/jre/lib/libzip.dylib
0x00000001281a3000 	/System/Library/Frameworks/JavaVM.framework/Frameworks/JavaRuntimeSupport.framework/JavaRuntimeSupport
0x00000001281be000 	/System/Library/Frameworks/JavaVM.framework/Versions/A/Frameworks/JavaNativeFoundation.framework/Versions/A/JavaNativeFoundation
0x00000001281d3000 	/System/Library/Frameworks/JavaVM.framework/Versions/A/JavaVM
0x000000000095b000 	/System/Library/Frameworks/Carbon.framework/Versions/A/Carbon
0x00000001281e0000 	/System/Library/PrivateFrameworks/JavaLaunching.framework/Versions/A/JavaLaunching
0x000000000095b000 	/System/Library/Frameworks/Carbon.framework/Versions/A/Frameworks/CommonPanels.framework/Versions/A/CommonPanels
0x000000000095b000 	/System/Library/Frameworks/Carbon.framework/Versions/A/Frameworks/Help.framework/Versions/A/Help
0x000000000095b000 	/System/Library/Frameworks/Carbon.framework/Versions/A/Frameworks/ImageCapture.framework/Versions/A/ImageCapture
0x000000000095b000 	/System/Library/Frameworks/Carbon.framework/Versions/A/Frameworks/OpenScripting.framework/Versions/A/OpenScripting
0x000000000095b000 	/System/Library/Frameworks/Carbon.framework/Versions/A/Frameworks/Print.framework/Versions/A/Print
0x000000000095b000 	/System/Library/Frameworks/Carbon.framework/Versions/A/Frameworks/SecurityHI.framework/Versions/A/SecurityHI
0x000000010b1f9000 	/Library/Java/JavaVirtualMachines/jdk1.8.0_66.jdk/Contents/Home/jre/lib/libdt_socket.dylib
0x0000000129b61000 	/Library/Java/JavaVirtualMachines/jdk1.8.0_66.jdk/Contents/Home/jre/lib/libnet.dylib

VM Arguments:
jvm_args: -agentlib:jdwp=transport=dt_socket,suspend=y,address=localhost:54351 -Dfile.encoding=UTF-8 
java_command: org.eclipse.jdt.internal.junit.runner.RemoteTestRunner -version 3 -port 54350 -testLoaderClass org.eclipse.jdt.internal.junit4.runner.JUnit4TestLoader -loaderpluginname org.eclipse.jdt.junit4.runtime -classNames TestNavajoNonBlockingStream
java_class_path (initial): /Users/frank/git/navajo/core/com.dexels.navajo.document/classes:/Users/frank/git/navajo/core/com.dexels.navajo.version/classes:/Users/frank/Documents/workspace-luna-navajo3/.metadata/.plugins/org.eclipse.pde.core/.bundle_pool/plugins/org.eclipse.osgi_3.10.100.v20150529-1857.jar:/Users/frank/Documents/workspace-luna-navajo3/.metadata/.plugins/org.eclipse.pde.core/.bundle_pool/plugins/org.apache.felix.framework.security_2.2.0.jar:/Users/frank/Documents/workspace-luna-navajo3/.metadata/.plugins/org.eclipse.pde.core/.bundle_pool/plugins/org.ops4j.pax.logging.pax-logging-api_1.7.4.jar:/Users/frank/Documents/workspace-luna-navajo3/.metadata/.plugins/org.eclipse.pde.core/.bundle_pool/plugins/jackson-core-lgpl_1.9.11.jar:/Users/frank/Documents/workspace-luna-navajo3/.metadata/.plugins/org.eclipse.pde.core/.bundle_pool/plugins/jackson-mapper-lgpl_1.9.11.jar:/Users/frank/Documents/workspace-luna-navajo3/.metadata/.plugins/org.eclipse.pde.core/.bundle_pool/plugins/org.apache.commons.codec_1.10.0.jar:/Users/frank/Documents/workspace-luna-navajo3/.metadata/.plugins/org.eclipse.pde.core/.bundle_pool/plugins/org.apache.servicemix.bundles.junit_4.10.0.1.jar:/Users/frank/Downloads/Eclipse Navajo Mars.app/Contents/Eclipse/plugins/org.junit_4.12.0.v201504281640/junit.jar:/Users/frank/Downloads/Eclipse Navajo Mars.app/Contents/Eclipse/plugins/org.hamcrest.core_1.3.0.v201303031735.jar:/Users/frank/Documents/workspace-luna-navajo3/.metadata/.plugins/org.eclipse.pde.core/.bundle_pool/plugins/com.fasterxml.aalto-xml_1.0.0.jar:/Users/frank/Documents/workspace-luna-navajo3/.metadata/.plugins/org.eclipse.pde.core/.bundle_pool/plugins/io.reactivex.rxjava_1.1.0.jar:/Users/frank/Documents/workspace-luna-navajo3/.metadata/.plugins/org.eclipse.pde.core/.bundle_pool/plugins/stax2-api_4.0.0.jar:/Users/frank/git/navajo/core/com.dexels.navajo.document.stream/bin:/Users/frank/Downloads/Eclipse Navajo Mars.app/Contents/Eclipse/configuration/org.eclipse.osgi/380/0/.cp/:/Users
Launcher Type: SUN_STANDARD

Environment Variables:
PATH=/usr/bin:/bin:/usr/sbin:/sbin
SHELL=/bin/bash
DISPLAY=/private/tmp/com.apple.launchd.WeX1TA4LLP/org.macosforge.xquartz:0

Signal Handlers:
SIGSEGV: [libjvm.dylib+0x5a65d5], sa_mask[0]=11111111011111110111111111111111, sa_flags=SA_ONSTACK|SA_RESTART|SA_SIGINFO
SIGBUS: [libjvm.dylib+0x5a65d5], sa_mask[0]=11111111011111110111111111111111, sa_flags=SA_RESTART|SA_SIGINFO
SIGFPE: [libjvm.dylib+0x4802e8], sa_mask[0]=11111111011111110111111111111111, sa_flags=SA_RESTART|SA_SIGINFO
SIGPIPE: [libjvm.dylib+0x4802e8], sa_mask[0]=11111111011111110111111111111111, sa_flags=SA_RESTART|SA_SIGINFO
SIGXFSZ: [libjvm.dylib+0x4802e8], sa_mask[0]=11111111011111110111111111111111, sa_flags=SA_RESTART|SA_SIGINFO
SIGILL: [libjvm.dylib+0x4802e8], sa_mask[0]=11111111011111110111111111111111, sa_flags=SA_RESTART|SA_SIGINFO
SIGUSR1: SIG_DFL, sa_mask[0]=00000000000000000000000000000000, sa_flags=none
SIGUSR2: [libjvm.dylib+0x47fe06], sa_mask[0]=00100000000000000000000000000000, sa_flags=SA_RESTART|SA_SIGINFO
SIGHUP: [libjvm.dylib+0x47e3dd], sa_mask[0]=11111111011111110111111111111111, sa_flags=SA_RESTART|SA_SIGINFO
SIGINT: [libjvm.dylib+0x47e3dd], sa_mask[0]=11111111011111110111111111111111, sa_flags=SA_RESTART|SA_SIGINFO
SIGTERM: [libjvm.dylib+0x47e3dd], sa_mask[0]=11111111011111110111111111111111, sa_flags=SA_RESTART|SA_SIGINFO
SIGQUIT: [libjvm.dylib+0x47e3dd], sa_mask[0]=11111111011111110111111111111111, sa_flags=SA_RESTART|SA_SIGINFO


---------------  S Y S T E M  ---------------

OS:Bsduname:Darwin 15.2.0 Darwin Kernel Version 15.2.0: Fri Nov 13 19:56:56 PST 2015; root:xnu-3248.20.55~2/RELEASE_X86_64 x86_64
rlimit: STACK 8192k, CORE 0k, NPROC 709, NOFILE 10240, AS infinity
load average:2.81 2.48 2.39

CPU:total 8 (4 cores per cpu, 2 threads per core) family 6 model 70 stepping 1, cmov, cx8, fxsr, mmx, sse, sse2, sse3, ssse3, sse4.1, sse4.2, popcnt, avx, avx2, aes, clmul, erms, rtm, lzcnt, ht, tsc, tscinvbit, bmi1, bmi2

Memory: 4k page, physical 16777216k(472140k free)

/proc/meminfo:


vm_info: Java HotSpot(TM) 64-Bit Server VM (25.66-b17) for bsd-amd64 JRE (1.8.0_66-b17), built on Oct  6 2015 16:09:13 by "java_re" with gcc 4.2.1 (Based on Apple Inc. build 5658) (LLVM build 2336.11.00)

time: Thu Jan 14 21:24:00 2016
elapsed time: 74 seconds (0d 0h 1m 14s)

