#
# A fatal error has been detected by the Java Runtime Environment:
#
#  SIGSEGV (0xb) at pc=0x00000001044461b0, pid=48301, tid=19203
#
# JRE version: Java(TM) SE Runtime Environment (8.0_66-b17) (build 1.8.0_66-b17)
# Java VM: Java HotSpot(TM) 64-Bit Server VM (25.66-b17 mixed mode bsd-amd64 compressed oops)
# Problematic frame:
# V  [libjvm.dylib+0x4461b0]  Method::checked_resolve_jmethod_id(_jmethodID*)+0xe
#
# Failed to write core dump. Core dumps have been disabled. To enable core dumping, try "ulimit -c unlimited" before starting Java again
#
# If you would like to submit a bug report, please visit:
#   http://bugreport.java.com/bugreport/crash.jsp
#

---------------  T H R E A D  ---------------

Current thread (0x00007fec8183b800):  JavaThread "JDWP Transport Listener: dt_socket" daemon [_thread_in_vm, id=19203, stack(0x0000700000f47000,0x0000700001047000)]

siginfo: si_signo: 11 (SIGSEGV), si_code: 0 (unknown), si_addr: 0x0000000000000000

Registers:
RAX=0x0000000000000001, RBX=0x0000700001046a8b, RCX=0x0000000104814310, RDX=0x0000700001046a8b
RSP=0x00007000010469d0, RBP=0x00007000010469e0, RSI=0x00007fec8183b800, RDI=0x0011000000000000
R8 =0x0000000000000000, R9 =0x00007fec82a096b0, R10=0x0000000089bad6dc, R11=0x00007fec82a00000
R12=0x00007fec8183b800, R13=0x0011000000000000, R14=0x0011000000000000, R15=0x00007fec80702780
RIP=0x00000001044461b0, EFLAGS=0x0000000000010206, ERR=0x0000000000000000
  TRAPNO=0x000000000000000d

Top of Stack: (sp=0x00007000010469d0)
0x00007000010469d0:   0000700001046a8b 0000700001046a8b
0x00007000010469e0:   0000700001046a40 00000001043552be
0x00007000010469f0:   00007fec8183b800 0000000000000000
0x0000700001046a00:   0000000000000000 0000000000000000
0x0000700001046a10:   00007fec8183b800 00007fec8183b800
0x0000700001046a20:   0000700001046a8b 0000700001046a90
0x0000700001046a30:   0011000000000000 0000000000000021
0x0000700001046a40:   0000700001046a60 0000000102f54780
0x0000700001046a50:   0000000000000001 0000700001046b08
0x0000700001046a60:   0000700001046ad0 0000000102f391f3
0x0000700001046a70:   0000700001046aa0 00007fec82a09890
0x0000700001046a80:   0000002200000032 f000100a01046b08
0x0000700001046a90:   0000000000000000 0000000000000000
0x0000700001046aa0:   0000000000000000 0000700001046c90
0x0000700001046ab0:   0000000102f5be7a 00007fec80506710
0x0000700001046ac0:   0000700001046b08 0000000102f67598
0x0000700001046ad0:   0000700001046ae0 0000000102f392ec
0x0000700001046ae0:   0000700001046d00 0000000102f42898
0x0000700001046af0:   000055b300000013 00000000000f0200
0x0000700001046b00:   00007fec805aca50 00007fec830103d6
0x0000700001046b10:   00007fec0000018a 00007fec82a0b8d0
0x0000700001046b20:   000000000000012c 0000700001046b58
0x0000700001046b30:   00007fec82a099a0 0000000000000000
0x0000700001046b40:   000055b30000001c 00007fff00000c80
0x0000700001046b50:   0000700001046b58 ec7f000022000000
0x0000700001046b60:   08000000888e5180 3e74696e696c633c
0x0000700001046b70:   0056292803000000 0008000000000000
0x0000700001046b80:   00808e5180ec7f00 74696e693c060000
0x0000700001046b90:   562928030000003e 0100000000000000
0x0000700001046ba0:   a08e5180ec7f0000 6f73657207000000
0x0000700001046bb0:   285a00000065766c 7865642f6d6f634c
0x0000700001046bc0:   6176616e2f736c65 6d75636f642f6f6a 

Instructions: (pc=0x00000001044461b0)
0x0000000104446190:   40 48 48 85 c0 75 e0 30 c0 0f b6 c0 5d c3 31 c0
0x00000001044461a0:   5d c3 55 48 89 e5 53 48 83 ec 08 48 85 ff 74 24
0x00000001044461b0:   48 8b 1f 48 85 db 74 1c 48 83 fb 37 74 16 48 8b
0x00000001044461c0:   03 48 89 df ff 50 10 84 c0 b8 00 00 00 00 48 0f 

Register to memory mapping:

RAX=0x0000000000000001 is an unknown value
RBX=0x0000700001046a8b is pointing into the stack for thread: 0x00007fec8183b800
RCX=0x0000000104814310: UseMembar+0 in /Library/Java/JavaVirtualMachines/jdk1.8.0_66.jdk/Contents/Home/jre/lib/server/libjvm.dylib at 0x0000000104000000
RDX=0x0000700001046a8b is pointing into the stack for thread: 0x00007fec8183b800
RSP=0x00007000010469d0 is pointing into the stack for thread: 0x00007fec8183b800
RBP=0x00007000010469e0 is pointing into the stack for thread: 0x00007fec8183b800
RSI=0x00007fec8183b800 is a thread
RDI=0x0011000000000000 is an unknown value
R8 =0x0000000000000000 is an unknown value
R9 =0x00007fec82a096b0 is an unknown value
R10=0x0000000089bad6dc is an unknown value
R11=0x00007fec82a00000 is an unknown value
R12=0x00007fec8183b800 is a thread
R13=0x0011000000000000 is an unknown value
R14=0x0011000000000000 is an unknown value
R15=0x00007fec80702780 is an unknown value


Stack: [0x0000700000f47000,0x0000700001047000],  sp=0x00007000010469d0,  free space=1022k
Native frames: (J=compiled Java code, j=interpreted, Vv=VM code, C=native code)
V  [libjvm.dylib+0x4461b0]  Method::checked_resolve_jmethod_id(_jmethodID*)+0xe
V  [libjvm.dylib+0x3552be]  jvmti_IsMethodSynthetic+0xb2
C  [libjdwp.dylib+0x20780]  isMethodSynthetic+0x63
C  [libjdwp.dylib+0x51f3]  methods1+0x10b
C  [libjdwp.dylib+0x52ec]  methodsWithGeneric+0xe
C  [libjdwp.dylib+0xe898]  debugLoop_run+0x1ce
C  [libjdwp.dylib+0x1f6ba]  attachThread+0x4d
V  [libjvm.dylib+0x39661c]  JvmtiAgentThread::call_start_function()+0x38
V  [libjvm.dylib+0x560b83]  JavaThread::thread_main_inner()+0x9b
V  [libjvm.dylib+0x56227e]  JavaThread::run()+0x1c2
V  [libjvm.dylib+0x482cd6]  java_start(Thread*)+0xf6
C  [libsystem_pthread.dylib+0x399d]  _pthread_body+0x83
C  [libsystem_pthread.dylib+0x391a]  _pthread_body+0x0
C  [libsystem_pthread.dylib+0x1351]  thread_start+0xd
C  0x0000000000000000


---------------  P R O C E S S  ---------------

Java Threads: ( => current thread )
  0x00007fec81315000 JavaThread "threadDeathWatcher-3-1" daemon [_thread_blocked, id=30467, stack(0x0000700002383000,0x0000700002483000)]
  0x00007fec82204000 JavaThread "RxScheduledExecutorPool-2" daemon [_thread_blocked, id=29955, stack(0x0000700002280000,0x0000700002380000)]
  0x00007fec82201000 JavaThread "RxScheduledExecutorPool-1" daemon [_thread_blocked, id=29443, stack(0x000070000217d000,0x000070000227d000)]
  0x00007fec8129d000 JavaThread "rxnetty-nio-eventloop-1-8" daemon [_thread_in_native, id=28931, stack(0x000070000207a000,0x000070000217a000)]
  0x00007fec8129c000 JavaThread "rxnetty-nio-eventloop-1-7" daemon [_thread_in_native, id=28419, stack(0x0000700001f77000,0x0000700002077000)]
  0x00007fec81247800 JavaThread "rxnetty-nio-eventloop-1-6" daemon [_thread_in_native, id=27907, stack(0x0000700001e74000,0x0000700001f74000)]
  0x00007fec811dc000 JavaThread "rxnetty-nio-eventloop-1-5" daemon [_thread_in_native, id=27395, stack(0x0000700001d71000,0x0000700001e71000)]
  0x00007fec81297800 JavaThread "rxnetty-nio-eventloop-1-4" daemon [_thread_in_native, id=26883, stack(0x0000700001c6e000,0x0000700001d6e000)]
  0x00007fec82227800 JavaThread "rxnetty-nio-eventloop-1-3" daemon [_thread_in_native, id=26371, stack(0x0000700001b6b000,0x0000700001c6b000)]
  0x00007fec82234800 JavaThread "rxnetty-nio-eventloop-1-2" daemon [_thread_in_native, id=25859, stack(0x0000700001a68000,0x0000700001b68000)]
  0x00007fec820e3000 JavaThread "rxnetty-nio-eventloop-1-1" daemon [_thread_in_native, id=25359, stack(0x0000700001965000,0x0000700001a65000)]
  0x00007fec81188800 JavaThread "ReaderThread" [_thread_in_native, id=23811, stack(0x0000700001862000,0x0000700001962000)]
  0x00007fec83809000 JavaThread "Service Thread" daemon [_thread_blocked, id=22787, stack(0x000070000165c000,0x000070000175c000)]
  0x00007fec83825000 JavaThread "C1 CompilerThread3" daemon [_thread_blocked, id=22275, stack(0x0000700001559000,0x0000700001659000)]
  0x00007fec83004000 JavaThread "C2 CompilerThread2" daemon [_thread_blocked, id=21763, stack(0x0000700001456000,0x0000700001556000)]
  0x00007fec8400b000 JavaThread "C2 CompilerThread1" daemon [_thread_blocked, id=21251, stack(0x0000700001353000,0x0000700001453000)]
  0x00007fec8102f000 JavaThread "C2 CompilerThread0" daemon [_thread_blocked, id=20739, stack(0x0000700001250000,0x0000700001350000)]
  0x00007fec82062800 JavaThread "JDWP Command Reader" daemon [_thread_in_native, id=20227, stack(0x000070000114d000,0x000070000124d000)]
  0x00007fec81022800 JavaThread "JDWP Event Helper Thread" daemon [_thread_blocked, id=19715, stack(0x000070000104a000,0x000070000114a000)]
=>0x00007fec8183b800 JavaThread "JDWP Transport Listener: dt_socket" daemon [_thread_in_vm, id=19203, stack(0x0000700000f47000,0x0000700001047000)]
  0x00007fec81022000 JavaThread "Signal Dispatcher" daemon [_thread_blocked, id=15887, stack(0x0000700000e44000,0x0000700000f44000)]
  0x00007fec80811800 JavaThread "Finalizer" daemon [_thread_blocked, id=14339, stack(0x0000700000c3b000,0x0000700000d3b000)]
  0x00007fec80810800 JavaThread "Reference Handler" daemon [_thread_blocked, id=13827, stack(0x0000700000b38000,0x0000700000c38000)]
  0x00007fec81002800 JavaThread "main" [_thread_blocked, id=5891, stack(0x000070000011a000,0x000070000021a000)]

Other Threads:
  0x00007fec81014800 VMThread [stack: 0x0000700000a35000,0x0000700000b35000] [id=13315]
  0x00007fec8380a000 WatcherThread [stack: 0x000070000175f000,0x000070000185f000] [id=23299]

VM state:not at safepoint (normal execution)

VM Mutex/Monitor currently owned by a thread: None

Heap:
 PSYoungGen      total 76288K, used 40590K [0x000000076ab00000, 0x0000000770000000, 0x00000007c0000000)
  eden space 65536K, 47% used [0x000000076ab00000,0x000000076c951840,0x000000076eb00000)
  from space 10752K, 88% used [0x000000076eb00000,0x000000076f4520c8,0x000000076f580000)
  to   space 10752K, 0% used [0x000000076f580000,0x000000076f580000,0x0000000770000000)
 ParOldGen       total 175104K, used 16K [0x00000006c0000000, 0x00000006cab00000, 0x000000076ab00000)
  object space 175104K, 0% used [0x00000006c0000000,0x00000006c0004000,0x00000006cab00000)
 Metaspace       used 18456K, capacity 18682K, committed 18944K, reserved 1067008K
  class space    used 2135K, capacity 2231K, committed 2304K, reserved 1048576K

Card table byte_map: [0x0000000114346000,0x0000000114b47000] byte_map_base: 0x0000000110d46000

Marking Bits: (ParMarkBitMap*) 0x00000001048dde20
 Begin Bits: [0x000000011509d000, 0x000000011909d000)
 End Bits:   [0x000000011909d000, 0x000000011d09d000)

Polling page: 0x0000000102f33000

CodeCache: size=245760Kb used=4522Kb max_used=4853Kb free=241238Kb
 bounds [0x0000000104f86000, 0x0000000105456000, 0x0000000113f86000]
 total_blobs=1753 nmethods=1335 adapters=339
 compilation: enabled

Compilation events (10 events):
Event: 48.377 Thread 0x00007fec83825000 1534       3       com.fasterxml.jackson.core.json.ReaderBasedJsonParser::_decodeEscaped (237 bytes)
Event: 48.379 Thread 0x00007fec83825000 nmethod 1534 0x0000000105100e90 code [0x00000001051011e0, 0x0000000105102e18]
Event: 48.379 Thread 0x00007fec83825000 1541       1       java.util.concurrent.locks.AbstractOwnableSynchronizer::getExclusiveOwnerThread (5 bytes)
Event: 48.379 Thread 0x00007fec83825000 nmethod 1541 0x0000000105100bd0 code [0x0000000105100d20, 0x0000000105100e30]
Event: 48.379 Thread 0x00007fec83825000 1542       1       javax.crypto.CryptoPermission::getExemptionMechanism (5 bytes)
Event: 48.379 Thread 0x00007fec83825000 nmethod 1542 0x0000000105119410 code [0x0000000105119560, 0x0000000105119670]
Event: 50.052 Thread 0x00007fec83825000 1543       3       io.netty.util.concurrent.AbstractScheduledEventExecutor::hasScheduledTasks (44 bytes)
Event: 50.053 Thread 0x00007fec83825000 nmethod 1543 0x00000001050b6090 code [0x00000001050b6240, 0x00000001050b6828]
Event: 61.914 Thread 0x00007fec83825000 1544   !   3       sun.nio.ch.KQueueArrayWrapper::updateRegistrations (87 bytes)
Event: 61.915 Thread 0x00007fec83825000 nmethod 1544 0x00000001050b51d0 code [0x00000001050b53a0, 0x00000001050b5c08]

GC Heap History (2 events):
Event: 1.300 GC heap before
{Heap before GC invocations=1 (full 0):
 PSYoungGen      total 76288K, used 65536K [0x000000076ab00000, 0x0000000770000000, 0x00000007c0000000)
  eden space 65536K, 100% used [0x000000076ab00000,0x000000076eb00000,0x000000076eb00000)
  from space 10752K, 0% used [0x000000076f580000,0x000000076f580000,0x0000000770000000)
  to   space 10752K, 0% used [0x000000076eb00000,0x000000076eb00000,0x000000076f580000)
 ParOldGen       total 175104K, used 0K [0x00000006c0000000, 0x00000006cab00000, 0x000000076ab00000)
  object space 175104K, 0% used [0x00000006c0000000,0x00000006c0000000,0x00000006cab00000)
 Metaspace       used 13718K, capacity 13948K, committed 14208K, reserved 1062912K
  class space    used 1556K, capacity 1638K, committed 1664K, reserved 1048576K
Event: 1.308 GC heap after
Heap after GC invocations=1 (full 0):
 PSYoungGen      total 76288K, used 9544K [0x000000076ab00000, 0x0000000770000000, 0x00000007c0000000)
  eden space 65536K, 0% used [0x000000076ab00000,0x000000076ab00000,0x000000076eb00000)
  from space 10752K, 88% used [0x000000076eb00000,0x000000076f4520c8,0x000000076f580000)
  to   space 10752K, 0% used [0x000000076f580000,0x000000076f580000,0x0000000770000000)
 ParOldGen       total 175104K, used 16K [0x00000006c0000000, 0x00000006cab00000, 0x000000076ab00000)
  object space 175104K, 0% used [0x00000006c0000000,0x00000006c0004000,0x00000006cab00000)
 Metaspace       used 13718K, capacity 13948K, committed 14208K, reserved 1062912K
  class space    used 1556K, capacity 1638K, committed 1664K, reserved 1048576K
}

Deoptimization events (10 events):
Event: 1.057 Thread 0x00007fec81002800 Uncommon trap: reason=unstable_if action=reinterpret pc=0x00000001051d41bc method=sun.misc.MetaIndex.mayContain(Ljava/lang/String;)Z @ 38
Event: 1.072 Thread 0x00007fec81002800 Uncommon trap: reason=unstable_if action=reinterpret pc=0x00000001051d1960 method=java.lang.String.lastIndexOf([CII[CIII)I @ 66
Event: 1.113 Thread 0x00007fec81002800 Uncommon trap: reason=unstable_if action=reinterpret pc=0x0000000105215810 method=java.lang.CharacterDataLatin1.digit(II)I @ 82
Event: 1.161 Thread 0x00007fec81002800 Uncommon trap: reason=unstable_if action=reinterpret pc=0x000000010521d0f4 method=java.lang.CharacterDataLatin1.digit(II)I @ 82
Event: 1.174 Thread 0x00007fec81002800 Uncommon trap: reason=unstable_if action=reinterpret pc=0x00000001051fca2c method=java.lang.String.regionMatches(ZILjava/lang/String;II)Z @ 123
Event: 1.175 Thread 0x00007fec81002800 Uncommon trap: reason=unstable_if action=reinterpret pc=0x000000010529d910 method=java.io.ByteArrayInputStream.read()I @ 8
Event: 1.204 Thread 0x00007fec81002800 Uncommon trap: reason=unstable_if action=reinterpret pc=0x00000001053050ac method=java.util.jar.Manifest$FastInputStream.readLine([BII)I @ 87
Event: 21.890 Thread 0x00007fec81002800 Uncommon trap: reason=unstable_if action=reinterpret pc=0x00000001052221f4 method=sun.misc.URLClassPath$FileLoader.getResource(Ljava/lang/String;Z)Lsun/misc/Resource; @ 139
Event: 21.891 Thread 0x00007fec81002800 Uncommon trap: reason=unstable_if action=reinterpret pc=0x000000010531f69c method=java.util.HashMap.hash(Ljava/lang/Object;)I @ 1
Event: 23.815 Thread 0x00007fec81002800 Uncommon trap: reason=unstable_if action=reinterpret pc=0x0000000105433028 method=java.util.regex.Matcher.reset()Ljava/util/regex/Matcher; @ 47

Internal exceptions (10 events):
Event: 8.945 Thread 0x00007fec82234800 Exception <a 'java/security/PrivilegedActionException'> (0x000000076c20bea0) thrown at [/HUDSON3/workspace/8-2-build-macosx-x86_64/jdk8u66/4988/hotspot/src/share/vm/prims/jvm.cpp, line 1386]
Event: 8.945 Thread 0x00007fec82234800 Exception <a 'java/security/PrivilegedActionException'> (0x000000076c215e18) thrown at [/HUDSON3/workspace/8-2-build-macosx-x86_64/jdk8u66/4988/hotspot/src/share/vm/prims/jvm.cpp, line 1386]
Event: 8.945 Thread 0x00007fec82234800 Exception <a 'java/security/PrivilegedActionException'> (0x000000076c2165e0) thrown at [/HUDSON3/workspace/8-2-build-macosx-x86_64/jdk8u66/4988/hotspot/src/share/vm/prims/jvm.cpp, line 1386]
Event: 8.947 Thread 0x00007fec82234800 Exception <a 'java/security/PrivilegedActionException'> (0x000000076c221e90) thrown at [/HUDSON3/workspace/8-2-build-macosx-x86_64/jdk8u66/4988/hotspot/src/share/vm/prims/jvm.cpp, line 1386]
Event: 8.947 Thread 0x00007fec82234800 Exception <a 'java/security/PrivilegedActionException'> (0x000000076c222658) thrown at [/HUDSON3/workspace/8-2-build-macosx-x86_64/jdk8u66/4988/hotspot/src/share/vm/prims/jvm.cpp, line 1386]
Event: 21.891 Thread 0x00007fec81002800 Implicit null exception at 0x000000010531f0fa to 0x000000010531f68d
Event: 23.809 Thread 0x00007fec81002800 Exception <a 'java/lang/reflect/InvocationTargetException'> (0x000000076c2cc310) thrown at [/HUDSON3/workspace/8-2-build-macosx-x86_64/jdk8u66/4988/hotspot/src/share/vm/runtime/reflection.cpp, line 1092]
Event: 24.525 Thread 0x00007fec81297800 Exception <a 'java/lang/ArrayIndexOutOfBoundsException'> (0x000000076c4d3bb0) thrown at [/HUDSON3/workspace/8-2-build-macosx-x86_64/jdk8u66/4988/hotspot/src/share/vm/runtime/sharedRuntime.cpp, line 605]
Event: 33.602 Thread 0x00007fec81002800 Exception <a 'java/lang/reflect/InvocationTargetException'> (0x000000076c35cd60) thrown at [/HUDSON3/workspace/8-2-build-macosx-x86_64/jdk8u66/4988/hotspot/src/share/vm/runtime/reflection.cpp, line 1092]
Event: 48.196 Thread 0x00007fec8129c000 Exception <a 'java/lang/ArrayIndexOutOfBoundsException'> (0x000000076c6bfa38) thrown at [/HUDSON3/workspace/8-2-build-macosx-x86_64/jdk8u66/4988/hotspot/src/share/vm/runtime/sharedRuntime.cpp, line 605]

Events (10 events):
Event: 113.364 Executing VM operation: GetCurrentLocation
Event: 113.364 Executing VM operation: GetCurrentLocation done
Event: 113.364 Executing VM operation: EnterInterpOnlyMode
Event: 113.364 Executing VM operation: EnterInterpOnlyMode done
Event: 113.364 Executing VM operation: ChangeSingleStep
Event: 113.364 Executing VM operation: ChangeSingleStep done
Event: 113.364 Executing VM operation: ChangeSingleStep
Event: 113.364 Executing VM operation: ChangeSingleStep done
Event: 113.375 Executing VM operation: RedefineClasses
Event: 113.382 Executing VM operation: RedefineClasses done


Dynamic libraries:
0x0000000003971000 	/System/Library/Frameworks/Cocoa.framework/Versions/A/Cocoa
0x0000000003971000 	/System/Library/Frameworks/Security.framework/Versions/A/Security
0x0000000003971000 	/System/Library/Frameworks/ApplicationServices.framework/Versions/A/ApplicationServices
0x0000000003971000 	/usr/lib/libz.1.dylib
0x0000000003971000 	/usr/lib/libSystem.B.dylib
0x0000000003971000 	/usr/lib/libobjc.A.dylib
0x0000000003971000 	/System/Library/Frameworks/CoreFoundation.framework/Versions/A/CoreFoundation
0x0000000003971000 	/System/Library/Frameworks/Foundation.framework/Versions/C/Foundation
0x0000000003971000 	/System/Library/Frameworks/AppKit.framework/Versions/C/AppKit
0x0000000003971000 	/System/Library/Frameworks/CoreData.framework/Versions/A/CoreData
0x0000000003971000 	/System/Library/PrivateFrameworks/RemoteViewServices.framework/Versions/A/RemoteViewServices
0x0000000003971000 	/System/Library/PrivateFrameworks/UIFoundation.framework/Versions/A/UIFoundation
0x0000000003971000 	/usr/lib/libScreenReader.dylib
0x0000000003971000 	/System/Library/Frameworks/Accelerate.framework/Versions/A/Accelerate
0x0000000003971000 	/System/Library/Frameworks/IOSurface.framework/Versions/A/IOSurface
0x0000000003971000 	/System/Library/Frameworks/AudioToolbox.framework/Versions/A/AudioToolbox
0x0000000003971000 	/System/Library/Frameworks/AudioUnit.framework/Versions/A/AudioUnit
0x0000000003971000 	/System/Library/PrivateFrameworks/DataDetectorsCore.framework/Versions/A/DataDetectorsCore
0x0000000003971000 	/System/Library/PrivateFrameworks/DesktopServicesPriv.framework/Versions/A/DesktopServicesPriv
0x0000000003971000 	/System/Library/Frameworks/Carbon.framework/Versions/A/Frameworks/HIToolbox.framework/Versions/A/HIToolbox
0x0000000003971000 	/System/Library/Frameworks/QuartzCore.framework/Versions/A/QuartzCore
0x0000000003971000 	/System/Library/Frameworks/Carbon.framework/Versions/A/Frameworks/SpeechRecognition.framework/Versions/A/SpeechRecognition
0x0000000003971000 	/usr/lib/libauto.dylib
0x0000000003971000 	/usr/lib/libicucore.A.dylib
0x0000000003971000 	/usr/lib/libxml2.2.dylib
0x0000000003971000 	/System/Library/PrivateFrameworks/CoreUI.framework/Versions/A/CoreUI
0x0000000003971000 	/System/Library/Frameworks/CoreAudio.framework/Versions/A/CoreAudio
0x0000000003971000 	/System/Library/Frameworks/DiskArbitration.framework/Versions/A/DiskArbitration
0x0000000003971000 	/usr/lib/liblangid.dylib
0x0000000003971000 	/System/Library/PrivateFrameworks/MultitouchSupport.framework/Versions/A/MultitouchSupport
0x0000000003971000 	/System/Library/Frameworks/IOKit.framework/Versions/A/IOKit
0x0000000003971000 	/usr/lib/libDiagnosticMessagesClient.dylib
0x0000000003971000 	/System/Library/Frameworks/CoreServices.framework/Versions/A/CoreServices
0x0000000003971000 	/System/Library/PrivateFrameworks/PerformanceAnalysis.framework/Versions/A/PerformanceAnalysis
0x0000000003971000 	/System/Library/PrivateFrameworks/GenerationalStorage.framework/Versions/A/GenerationalStorage
0x0000000003971000 	/System/Library/Frameworks/OpenGL.framework/Versions/A/OpenGL
0x0000000003971000 	/System/Library/PrivateFrameworks/Sharing.framework/Versions/A/Sharing
0x0000000003971000 	/System/Library/Frameworks/CoreGraphics.framework/Versions/A/CoreGraphics
0x0000000003971000 	/System/Library/Frameworks/CoreImage.framework/Versions/A/CoreImage
0x0000000003971000 	/System/Library/Frameworks/CoreText.framework/Versions/A/CoreText
0x0000000003971000 	/System/Library/Frameworks/ImageIO.framework/Versions/A/ImageIO
0x0000000003971000 	/System/Library/PrivateFrameworks/Backup.framework/Versions/A/Backup
0x0000000003971000 	/usr/lib/libextension.dylib
0x0000000003971000 	/usr/lib/libarchive.2.dylib
0x0000000003971000 	/System/Library/Frameworks/CFNetwork.framework/Versions/A/CFNetwork
0x0000000003971000 	/System/Library/Frameworks/SystemConfiguration.framework/Versions/A/SystemConfiguration
0x0000000003971000 	/usr/lib/libCRFSuite.dylib
0x0000000003971000 	/usr/lib/libc++.1.dylib
0x0000000003971000 	/usr/lib/libc++abi.dylib
0x0000000003971000 	/usr/lib/system/libcache.dylib
0x0000000003971000 	/usr/lib/system/libcommonCrypto.dylib
0x0000000003971000 	/usr/lib/system/libcompiler_rt.dylib
0x0000000003971000 	/usr/lib/system/libcopyfile.dylib
0x0000000003971000 	/usr/lib/system/libcorecrypto.dylib
0x0000000003971000 	/usr/lib/system/libdispatch.dylib
0x0000000003971000 	/usr/lib/system/libdyld.dylib
0x0000000003971000 	/usr/lib/system/libkeymgr.dylib
0x0000000003971000 	/usr/lib/system/liblaunch.dylib
0x0000000003971000 	/usr/lib/system/libmacho.dylib
0x0000000003971000 	/usr/lib/system/libquarantine.dylib
0x0000000003971000 	/usr/lib/system/libremovefile.dylib
0x0000000003971000 	/usr/lib/system/libsystem_asl.dylib
0x0000000003971000 	/usr/lib/system/libsystem_blocks.dylib
0x0000000003971000 	/usr/lib/system/libsystem_c.dylib
0x0000000003971000 	/usr/lib/system/libsystem_configuration.dylib
0x0000000003971000 	/usr/lib/system/libsystem_coreservices.dylib
0x0000000003971000 	/usr/lib/system/libsystem_coretls.dylib
0x0000000003971000 	/usr/lib/system/libsystem_dnssd.dylib
0x0000000003971000 	/usr/lib/system/libsystem_info.dylib
0x0000000003971000 	/usr/lib/system/libsystem_kernel.dylib
0x0000000003971000 	/usr/lib/system/libsystem_m.dylib
0x0000000003971000 	/usr/lib/system/libsystem_malloc.dylib
0x0000000003971000 	/usr/lib/system/libsystem_network.dylib
0x0000000003971000 	/usr/lib/system/libsystem_networkextension.dylib
0x0000000003971000 	/usr/lib/system/libsystem_notify.dylib
0x0000000003971000 	/usr/lib/system/libsystem_platform.dylib
0x0000000003971000 	/usr/lib/system/libsystem_pthread.dylib
0x0000000003971000 	/usr/lib/system/libsystem_sandbox.dylib
0x0000000003971000 	/usr/lib/system/libsystem_secinit.dylib
0x0000000003971000 	/usr/lib/system/libsystem_trace.dylib
0x0000000003971000 	/usr/lib/system/libunc.dylib
0x0000000003971000 	/usr/lib/system/libunwind.dylib
0x0000000003971000 	/usr/lib/system/libxpc.dylib
0x0000000003971000 	/usr/lib/libenergytrace.dylib
0x0000000003971000 	/usr/lib/libbsm.0.dylib
0x0000000003971000 	/usr/lib/system/libkxld.dylib
0x0000000003971000 	/usr/lib/libxar.1.dylib
0x0000000003971000 	/usr/lib/libsqlite3.dylib
0x0000000003971000 	/usr/lib/libpam.2.dylib
0x0000000003971000 	/usr/lib/libOpenScriptingUtil.dylib
0x0000000003971000 	/usr/lib/libbz2.1.0.dylib
0x0000000003971000 	/usr/lib/liblzma.5.dylib
0x0000000003971000 	/System/Library/Frameworks/CoreServices.framework/Versions/A/Frameworks/FSEvents.framework/Versions/A/FSEvents
0x0000000003971000 	/System/Library/Frameworks/CoreServices.framework/Versions/A/Frameworks/CarbonCore.framework/Versions/A/CarbonCore
0x0000000003971000 	/System/Library/Frameworks/CoreServices.framework/Versions/A/Frameworks/Metadata.framework/Versions/A/Metadata
0x0000000003971000 	/System/Library/Frameworks/CoreServices.framework/Versions/A/Frameworks/OSServices.framework/Versions/A/OSServices
0x0000000003971000 	/System/Library/Frameworks/CoreServices.framework/Versions/A/Frameworks/SearchKit.framework/Versions/A/SearchKit
0x0000000003971000 	/System/Library/Frameworks/CoreServices.framework/Versions/A/Frameworks/AE.framework/Versions/A/AE
0x0000000003971000 	/System/Library/Frameworks/CoreServices.framework/Versions/A/Frameworks/LaunchServices.framework/Versions/A/LaunchServices
0x0000000003971000 	/System/Library/Frameworks/CoreServices.framework/Versions/A/Frameworks/DictionaryServices.framework/Versions/A/DictionaryServices
0x0000000003971000 	/System/Library/Frameworks/CoreServices.framework/Versions/A/Frameworks/SharedFileList.framework/Versions/A/SharedFileList
0x0000000003971000 	/System/Library/Frameworks/NetFS.framework/Versions/A/NetFS
0x0000000003971000 	/System/Library/PrivateFrameworks/NetAuth.framework/Versions/A/NetAuth
0x0000000003971000 	/System/Library/PrivateFrameworks/login.framework/Versions/A/Frameworks/loginsupport.framework/Versions/A/loginsupport
0x0000000003971000 	/System/Library/PrivateFrameworks/TCC.framework/Versions/A/TCC
0x0000000003971000 	/usr/lib/libmecabra.dylib
0x0000000003971000 	/System/Library/Frameworks/ApplicationServices.framework/Versions/A/Frameworks/ATS.framework/Versions/A/ATS
0x0000000003971000 	/System/Library/Frameworks/ApplicationServices.framework/Versions/A/Frameworks/ColorSync.framework/Versions/A/ColorSync
0x0000000003971000 	/System/Library/Frameworks/ApplicationServices.framework/Versions/A/Frameworks/HIServices.framework/Versions/A/HIServices
0x0000000003971000 	/System/Library/Frameworks/ApplicationServices.framework/Versions/A/Frameworks/LangAnalysis.framework/Versions/A/LangAnalysis
0x0000000003971000 	/System/Library/Frameworks/ApplicationServices.framework/Versions/A/Frameworks/PrintCore.framework/Versions/A/PrintCore
0x0000000003971000 	/System/Library/Frameworks/ApplicationServices.framework/Versions/A/Frameworks/QD.framework/Versions/A/QD
0x0000000003971000 	/System/Library/Frameworks/ApplicationServices.framework/Versions/A/Frameworks/SpeechSynthesis.framework/Versions/A/SpeechSynthesis
0x0000000003971000 	/System/Library/Frameworks/Metal.framework/Versions/A/Metal
0x0000000003971000 	/System/Library/Frameworks/Accelerate.framework/Versions/A/Frameworks/vImage.framework/Versions/A/vImage
0x0000000003971000 	/System/Library/Frameworks/Accelerate.framework/Versions/A/Frameworks/vecLib.framework/Versions/A/vecLib
0x0000000003971000 	/System/Library/Frameworks/Accelerate.framework/Versions/A/Frameworks/vecLib.framework/Versions/A/libvDSP.dylib
0x0000000003971000 	/System/Library/Frameworks/Accelerate.framework/Versions/A/Frameworks/vecLib.framework/Versions/A/libvMisc.dylib
0x0000000003971000 	/System/Library/Frameworks/Accelerate.framework/Versions/A/Frameworks/vecLib.framework/Versions/A/libLAPACK.dylib
0x0000000003971000 	/System/Library/Frameworks/Accelerate.framework/Versions/A/Frameworks/vecLib.framework/Versions/A/libBLAS.dylib
0x0000000003971000 	/System/Library/Frameworks/Accelerate.framework/Versions/A/Frameworks/vecLib.framework/Versions/A/libLinearAlgebra.dylib
0x0000000003971000 	/System/Library/Frameworks/Accelerate.framework/Versions/A/Frameworks/vecLib.framework/Versions/A/libSparseBLAS.dylib
0x0000000003971000 	/System/Library/PrivateFrameworks/GPUCompiler.framework/libmetal_timestamp.dylib
0x0000000003971000 	/System/Library/Frameworks/OpenGL.framework/Versions/A/Libraries/libCoreFSCache.dylib
0x0000000003971000 	/System/Library/PrivateFrameworks/IOAccelerator.framework/Versions/A/IOAccelerator
0x0000000003971000 	/System/Library/Frameworks/ApplicationServices.framework/Versions/A/Frameworks/ATS.framework/Versions/A/Resources/libFontParser.dylib
0x0000000003971000 	/System/Library/Frameworks/ApplicationServices.framework/Versions/A/Frameworks/ATS.framework/Versions/A/Resources/libFontRegistry.dylib
0x0000000003971000 	/System/Library/PrivateFrameworks/AppleVPA.framework/Versions/A/AppleVPA
0x0000000003971000 	/System/Library/PrivateFrameworks/AppleJPEG.framework/Versions/A/AppleJPEG
0x0000000003971000 	/System/Library/Frameworks/ImageIO.framework/Versions/A/Resources/libJPEG.dylib
0x0000000003971000 	/System/Library/Frameworks/ImageIO.framework/Versions/A/Resources/libTIFF.dylib
0x0000000003971000 	/System/Library/Frameworks/ImageIO.framework/Versions/A/Resources/libPng.dylib
0x0000000003971000 	/System/Library/Frameworks/ImageIO.framework/Versions/A/Resources/libGIF.dylib
0x0000000003971000 	/System/Library/Frameworks/ImageIO.framework/Versions/A/Resources/libJP2.dylib
0x0000000003971000 	/System/Library/Frameworks/ImageIO.framework/Versions/A/Resources/libRadiance.dylib
0x0000000003971000 	/System/Library/Frameworks/CoreVideo.framework/Versions/A/CoreVideo
0x0000000003971000 	/System/Library/Frameworks/OpenGL.framework/Versions/A/Libraries/libGLU.dylib
0x0000000003971000 	/System/Library/Frameworks/OpenGL.framework/Versions/A/Libraries/libGFXShared.dylib
0x0000000003971000 	/System/Library/Frameworks/OpenGL.framework/Versions/A/Libraries/libGL.dylib
0x0000000003971000 	/System/Library/Frameworks/OpenGL.framework/Versions/A/Libraries/libGLImage.dylib
0x0000000003971000 	/System/Library/Frameworks/OpenGL.framework/Versions/A/Libraries/libCVMSPluginSupport.dylib
0x0000000003971000 	/System/Library/Frameworks/OpenGL.framework/Versions/A/Libraries/libCoreVMClient.dylib
0x0000000003971000 	/usr/lib/libcompression.dylib
0x0000000003971000 	/usr/lib/libcups.2.dylib
0x0000000003971000 	/System/Library/Frameworks/Kerberos.framework/Versions/A/Kerberos
0x0000000003971000 	/System/Library/Frameworks/GSS.framework/Versions/A/GSS
0x0000000003971000 	/usr/lib/libresolv.9.dylib
0x0000000003971000 	/usr/lib/libiconv.2.dylib
0x0000000003971000 	/System/Library/PrivateFrameworks/Heimdal.framework/Versions/A/Heimdal
0x0000000003971000 	/usr/lib/libheimdal-asn1.dylib
0x0000000003971000 	/System/Library/Frameworks/OpenDirectory.framework/Versions/A/OpenDirectory
0x0000000003971000 	/System/Library/PrivateFrameworks/CommonAuth.framework/Versions/A/CommonAuth
0x0000000003971000 	/System/Library/Frameworks/OpenDirectory.framework/Versions/A/Frameworks/CFOpenDirectory.framework/Versions/A/CFOpenDirectory
0x0000000003971000 	/System/Library/Frameworks/SecurityFoundation.framework/Versions/A/SecurityFoundation
0x0000000003971000 	/System/Library/PrivateFrameworks/LanguageModeling.framework/Versions/A/LanguageModeling
0x0000000003971000 	/usr/lib/libmarisa.dylib
0x0000000003971000 	/usr/lib/libChineseTokenizer.dylib
0x0000000003971000 	/usr/lib/libcmph.dylib
0x0000000003971000 	/System/Library/Frameworks/ServiceManagement.framework/Versions/A/ServiceManagement
0x0000000003971000 	/usr/lib/libxslt.1.dylib
0x0000000003971000 	/System/Library/Frameworks/Carbon.framework/Versions/A/Frameworks/Ink.framework/Versions/A/Ink
0x0000000003971000 	/usr/lib/libFosl_dynamic.dylib
0x0000000003971000 	/System/Library/PrivateFrameworks/FaceCore.framework/Versions/A/FaceCore
0x0000000003971000 	/System/Library/Frameworks/OpenCL.framework/Versions/A/OpenCL
0x0000000003971000 	/System/Library/PrivateFrameworks/CrashReporterSupport.framework/Versions/A/CrashReporterSupport
0x0000000003971000 	/System/Library/PrivateFrameworks/IconServices.framework/Versions/A/IconServices
0x0000000003971000 	/System/Library/PrivateFrameworks/Apple80211.framework/Versions/A/Apple80211
0x0000000003971000 	/System/Library/Frameworks/CoreWLAN.framework/Versions/A/CoreWLAN
0x0000000003971000 	/System/Library/Frameworks/IOBluetooth.framework/Versions/A/IOBluetooth
0x0000000003971000 	/System/Library/PrivateFrameworks/CoreWiFi.framework/Versions/A/CoreWiFi
0x0000000003971000 	/System/Library/Frameworks/CoreBluetooth.framework/Versions/A/CoreBluetooth
0x0000000003971000 	/System/Library/PrivateFrameworks/ChunkingLibrary.framework/Versions/A/ChunkingLibrary
0x0000000003971000 	/System/Library/PrivateFrameworks/DebugSymbols.framework/Versions/A/DebugSymbols
0x0000000003971000 	/System/Library/PrivateFrameworks/CoreSymbolication.framework/Versions/A/CoreSymbolication
0x0000000003971000 	/System/Library/PrivateFrameworks/Symbolication.framework/Versions/A/Symbolication
0x0000000003971000 	/System/Library/PrivateFrameworks/SpeechRecognitionCore.framework/Versions/A/SpeechRecognitionCore
0x0000000104000000 	/Library/Java/JavaVirtualMachines/jdk1.8.0_66.jdk/Contents/Home/jre/lib/server/libjvm.dylib
0x0000000003971000 	/usr/lib/libstdc++.6.dylib
0x0000000102ef0000 	/Library/Java/JavaVirtualMachines/jdk1.8.0_66.jdk/Contents/Home/jre/lib/libverify.dylib
0x0000000102efe000 	/Library/Java/JavaVirtualMachines/jdk1.8.0_66.jdk/Contents/Home/jre/lib/libjava.dylib
0x0000000102f34000 	/Library/Java/JavaVirtualMachines/jdk1.8.0_66.jdk/Contents/Home/jre/lib/libjdwp.dylib
0x0000000102f7f000 	/Library/Java/JavaVirtualMachines/jdk1.8.0_66.jdk/Contents/Home/jre/lib/libnpt.dylib
0x0000000102f8c000 	/Library/Java/JavaVirtualMachines/jdk1.8.0_66.jdk/Contents/Home/jre/lib/libzip.dylib
0x000000011ffeb000 	/System/Library/Frameworks/JavaVM.framework/Frameworks/JavaRuntimeSupport.framework/JavaRuntimeSupport
0x0000000102fe6000 	/System/Library/Frameworks/JavaVM.framework/Versions/A/Frameworks/JavaNativeFoundation.framework/Versions/A/JavaNativeFoundation
0x0000000120006000 	/System/Library/Frameworks/JavaVM.framework/Versions/A/JavaVM
0x0000000003971000 	/System/Library/Frameworks/Carbon.framework/Versions/A/Carbon
0x0000000120013000 	/System/Library/PrivateFrameworks/JavaLaunching.framework/Versions/A/JavaLaunching
0x0000000003971000 	/System/Library/Frameworks/Carbon.framework/Versions/A/Frameworks/CommonPanels.framework/Versions/A/CommonPanels
0x0000000003971000 	/System/Library/Frameworks/Carbon.framework/Versions/A/Frameworks/Help.framework/Versions/A/Help
0x0000000003971000 	/System/Library/Frameworks/Carbon.framework/Versions/A/Frameworks/ImageCapture.framework/Versions/A/ImageCapture
0x0000000003971000 	/System/Library/Frameworks/Carbon.framework/Versions/A/Frameworks/OpenScripting.framework/Versions/A/OpenScripting
0x0000000003971000 	/System/Library/Frameworks/Carbon.framework/Versions/A/Frameworks/Print.framework/Versions/A/Print
0x0000000003971000 	/System/Library/Frameworks/Carbon.framework/Versions/A/Frameworks/SecurityHI.framework/Versions/A/SecurityHI
0x0000000121936000 	/Library/Java/JavaVirtualMachines/jdk1.8.0_66.jdk/Contents/Home/jre/lib/libdt_socket.dylib
0x00000001219f4000 	/Library/Java/JavaVirtualMachines/jdk1.8.0_66.jdk/Contents/Home/jre/lib/libnet.dylib
0x0000000121e65000 	/Library/Java/JavaVirtualMachines/jdk1.8.0_66.jdk/Contents/Home/jre/lib/libnio.dylib
0x0000000121b5a000 	/Library/Java/JavaVirtualMachines/jdk1.8.0_66.jdk/Contents/Home/jre/lib/libsunec.dylib
0x0000000121b82000 	/Library/Java/JavaVirtualMachines/jdk1.8.0_66.jdk/Contents/Home/jre/lib/libmanagement.dylib

VM Arguments:
jvm_args: -agentlib:jdwp=transport=dt_socket,suspend=y,address=localhost:55180 -Dfile.encoding=UTF-8 
java_command: org.eclipse.jdt.internal.junit.runner.RemoteTestRunner -version 3 -port 55179 -testLoaderClass org.eclipse.jdt.internal.junit4.runner.JUnit4TestLoader -loaderpluginname org.eclipse.jdt.junit4.runtime -classNames com.dexels.navajo.resource.swift.TestSwift
java_class_path (initial): /Users/frank/git/navajo/core/com.dexels.navajo.document/classes:/Users/frank/git/navajo/core/com.dexels.navajo.version/classes:/Users/frank/Documents/workspace-luna-navajo3/.metadata/.plugins/org.eclipse.pde.core/.bundle_pool/plugins/org.eclipse.osgi_3.10.100.v20150529-1857.jar:/Users/frank/Documents/workspace-luna-navajo3/.metadata/.plugins/org.eclipse.pde.core/.bundle_pool/plugins/org.apache.felix.framework.security_2.2.0.jar:/Users/frank/Documents/workspace-luna-navajo3/.metadata/.plugins/org.eclipse.pde.core/.bundle_pool/plugins/slf4j.api_1.7.21.jar:/Users/frank/Documents/workspace-luna-navajo3/.metadata/.plugins/org.eclipse.pde.core/.bundle_pool/plugins/jackson-core-lgpl_1.9.11.jar:/Users/frank/Documents/workspace-luna-navajo3/.metadata/.plugins/org.eclipse.pde.core/.bundle_pool/plugins/jackson-mapper-lgpl_1.9.11.jar:/Users/frank/Documents/workspace-luna-navajo3/.metadata/.plugins/org.eclipse.pde.core/.bundle_pool/plugins/org.apache.commons.codec_1.10.0.jar:/Users/frank/Documents/workspace-luna-navajo3/.metadata/.plugins/org.eclipse.pde.core/.bundle_pool/plugins/org.apache.servicemix.bundles.junit_4.10.0.1.jar:/Users/frank/Downloads/Eclipse Navajo Mars.app/Contents/Eclipse/plugins/org.junit_4.12.0.v201504281640/junit.jar:/Users/frank/Downloads/Eclipse Navajo Mars.app/Contents/Eclipse/plugins/org.hamcrest.core_1.3.0.v201303031735.jar:/Users/frank/git/navajo/server/com.dexels.navajo.resource.binarystore/bin:/Users/frank/Documents/workspace-luna-navajo3/.metadata/.plugins/org.eclipse.pde.core/.bundle_pool/plugins/com.fasterxml.jackson.core.jackson-annotations_2.6.3.jar:/Users/frank/Documents/workspace-luna-navajo3/.metadata/.plugins/org.eclipse.pde.core/.bundle_pool/plugins/com.fasterxml.jackson.core.jackson-core_2.6.3.jar:/Users/frank/Documents/workspace-luna-navajo3/.metadata/.plugins/org.eclipse.pde.core/.bundle_pool/plugins/com.fasterxml.jackson.core.jackson-databind_2.6.3.jar:/Users/frank/Documents/workspace-luna-navajo3/.metadata
Launcher Type: SUN_STANDARD

Environment Variables:
PATH=/usr/bin:/bin:/usr/sbin:/sbin
SHELL=/bin/bash
DISPLAY=/private/tmp/com.apple.launchd.txz0hER6PG/org.macosforge.xquartz:0

Signal Handlers:
SIGSEGV: [libjvm.dylib+0x5a65d5], sa_mask[0]=11111111011111110111111111111111, sa_flags=SA_ONSTACK|SA_RESTART|SA_SIGINFO
SIGBUS: [libjvm.dylib+0x5a65d5], sa_mask[0]=11111111011111110111111111111111, sa_flags=SA_RESTART|SA_SIGINFO
SIGFPE: [libjvm.dylib+0x4802e8], sa_mask[0]=11111111011111110111111111111111, sa_flags=SA_RESTART|SA_SIGINFO
SIGPIPE: [libjvm.dylib+0x4802e8], sa_mask[0]=11111111011111110111111111111111, sa_flags=SA_RESTART|SA_SIGINFO
SIGXFSZ: [libjvm.dylib+0x4802e8], sa_mask[0]=11111111011111110111111111111111, sa_flags=SA_RESTART|SA_SIGINFO
SIGILL: [libjvm.dylib+0x4802e8], sa_mask[0]=11111111011111110111111111111111, sa_flags=SA_RESTART|SA_SIGINFO
SIGUSR1: SIG_DFL, sa_mask[0]=00000000000000000000000000000000, sa_flags=none
SIGUSR2: [libjvm.dylib+0x47fe06], sa_mask[0]=00100000000000000000000000000000, sa_flags=SA_RESTART|SA_SIGINFO
SIGHUP: [libjvm.dylib+0x47e3dd], sa_mask[0]=11111111011111110111111111111111, sa_flags=SA_RESTART|SA_SIGINFO
SIGINT: [libjvm.dylib+0x47e3dd], sa_mask[0]=11111111011111110111111111111111, sa_flags=SA_RESTART|SA_SIGINFO
SIGTERM: [libjvm.dylib+0x47e3dd], sa_mask[0]=11111111011111110111111111111111, sa_flags=SA_RESTART|SA_SIGINFO
SIGQUIT: [libjvm.dylib+0x47e3dd], sa_mask[0]=11111111011111110111111111111111, sa_flags=SA_RESTART|SA_SIGINFO


---------------  S Y S T E M  ---------------

OS:Bsduname:Darwin 15.6.0 Darwin Kernel Version 15.6.0: Mon Aug 29 20:21:34 PDT 2016; root:xnu-3248.60.11~1/RELEASE_X86_64 x86_64
rlimit: STACK 8192k, CORE 0k, NPROC 709, NOFILE 10240, AS infinity
load average:2.25 2.38 2.35

CPU:total 8 (4 cores per cpu, 2 threads per core) family 6 model 70 stepping 1, cmov, cx8, fxsr, mmx, sse, sse2, sse3, ssse3, sse4.1, sse4.2, popcnt, avx, avx2, aes, clmul, erms, rtm, lzcnt, ht, tsc, tscinvbit, bmi1, bmi2

Memory: 4k page, physical 16777216k(3423088k free)

/proc/meminfo:


vm_info: Java HotSpot(TM) 64-Bit Server VM (25.66-b17) for bsd-amd64 JRE (1.8.0_66-b17), built on Oct  6 2015 16:09:13 by "java_re" with gcc 4.2.1 (Based on Apple Inc. build 5658) (LLVM build 2336.11.00)

time: Sun Oct 30 17:09:35 2016
elapsed time: 113 seconds (0d 0h 1m 53s)

